<?xml version="1.0" encoding="UTF-8"?>
<testng-results skipped="0" failed="1" ignored="0" total="7" passed="6">
  <reporter-output>
  </reporter-output>
  <suite name="MyFirstSuite" duration-ms="175131" started-at="2019-04-16T08:27:38Z" finished-at="2019-04-16T08:30:33Z">
    <groups>
    </groups>
    <test name="Test" duration-ms="175131" started-at="2019-04-16T08:27:38Z" finished-at="2019-04-16T08:30:33Z">
      <class name="Store.ProductSelectTest">
        <test-method status="PASS" signature="before()[pri:0, instance:Store.ProductSelectTest@7920ba90]" name="before" is-config="true" duration-ms="7021" started-at="2019-04-16T08:28:41Z" finished-at="2019-04-16T08:28:48Z">
          <reporter-output>
          </reporter-output>
        </test-method> <!-- before -->
        <test-method status="PASS" signature="ProductSelectTest12(java.lang.String, java.lang.String, java.lang.String, java.lang.String)[pri:0, instance:Store.ProductSelectTest@7920ba90]" name="ProductSelectTest12" duration-ms="5748" started-at="2019-04-16T08:28:49Z" data-provider="Product" finished-at="2019-04-16T08:28:54Z">
          <params>
            <param index="0">
              <value>
                <![CDATA[//a[text()='Sport']]]>
              </value>
            </param>
            <param index="1">
              <value>
                <![CDATA[null]]>
              </value>
            </param>
            <param index="2">
              <value>
                <![CDATA[//form[@id="ProductForm_133"]/div[3]/input]]>
              </value>
            </param>
            <param index="3">
              <value>
                <![CDATA[Brunton Eclipse Compass]]>
              </value>
            </param>
          </params>
          <reporter-output>
          </reporter-output>
        </test-method> <!-- ProductSelectTest12 -->
        <test-method status="PASS" signature="ProductSelectTest12(java.lang.String, java.lang.String, java.lang.String, java.lang.String)[pri:0, instance:Store.ProductSelectTest@7920ba90]" name="ProductSelectTest12" duration-ms="7202" started-at="2019-04-16T08:28:54Z" data-provider="Product" finished-at="2019-04-16T08:29:02Z">
          <params>
            <param index="0">
              <value>
                <![CDATA[//a[text()='Furniture']]]>
              </value>
            </param>
            <param index="1">
              <value>
                <![CDATA[null]]>
              </value>
            </param>
            <param index="2">
              <value>
                <![CDATA[//form[@id="ProductForm_139"]/div[3]/input]]>
              </value>
            </param>
            <param index="3">
              <value>
                <![CDATA[EKTORP TULLSTA Chair]]>
              </value>
            </param>
          </params>
          <reporter-output>
          </reporter-output>
        </test-method> <!-- ProductSelectTest12 -->
        <test-method status="PASS" signature="ProductSelectTest12(java.lang.String, java.lang.String, java.lang.String, java.lang.String)[pri:0, instance:Store.ProductSelectTest@7920ba90]" name="ProductSelectTest12" duration-ms="10083" started-at="2019-04-16T08:29:02Z" data-provider="Product" finished-at="2019-04-16T08:29:12Z">
          <params>
            <param index="0">
              <value>
                <![CDATA[//a[text()='Apparel']]]>
              </value>
            </param>
            <param index="1">
              <value>
                <![CDATA[//form[@id="ProductForm_36"]/a[2]]]>
              </value>
            </param>
            <param index="2">
              <value>
                <![CDATA[//input[@value='Add To Cart']]]>
              </value>
            </param>
            <param index="3">
              <value>
                <![CDATA[Avactis T-Shirt
Size: S]]>
              </value>
            </param>
          </params>
          <reporter-output>
          </reporter-output>
        </test-method> <!-- ProductSelectTest12 -->
        <test-method status="PASS" signature="UserDetails(java.lang.String, java.lang.String, java.lang.String, java.lang.String, java.lang.String, java.lang.String, java.lang.String, java.lang.String, java.lang.String, java.lang.String, java.lang.String)[pri:0, instance:Store.ProductSelectTest@7920ba90]" name="UserDetails" duration-ms="10" started-at="2019-04-16T08:29:12Z" data-provider="UserDetails" finished-at="2019-04-16T08:29:12Z">
          <params>
            <param index="0">
              <value>
                <![CDATA[vijaya]]>
              </value>
            </param>
            <param index="1">
              <value>
                <![CDATA[chavan]]>
              </value>
            </param>
            <param index="2">
              <value>
                <![CDATA[vijayachavan03@gmail.com]]>
              </value>
            </param>
            <param index="3">
              <value>
                <![CDATA[India]]>
              </value>
            </param>
            <param index="4">
              <value>
                <![CDATA[411039]]>
              </value>
            </param>
            <param index="5">
              <value>
                <![CDATA[Maharashtra]]>
              </value>
            </param>
            <param index="6">
              <value>
                <![CDATA[Pune]]>
              </value>
            </param>
            <param index="7">
              <value>
                <![CDATA[shri krishna society]]>
              </value>
            </param>
            <param index="8">
              <value>
                <![CDATA[bhosari]]>
              </value>
            </param>
            <param index="9">
              <value>
                <![CDATA[7756876655]]>
              </value>
            </param>
            <param index="10">
              <value>
                <![CDATA[GUEST]]>
              </value>
            </param>
          </params>
          <reporter-output>
          </reporter-output>
        </test-method> <!-- UserDetails -->
        <test-method status="PASS" signature="selectedAddToCart()[pri:0, instance:Store.ProductSelectTest@7920ba90]" name="selectedAddToCart" duration-ms="40721" started-at="2019-04-16T08:29:12Z" finished-at="2019-04-16T08:29:53Z">
          <reporter-output>
          </reporter-output>
        </test-method> <!-- selectedAddToCart -->
        <test-method status="PASS" signature="afterMethod()[pri:0, instance:Store.ProductSelectTest@7920ba90]" name="afterMethod" is-config="true" duration-ms="670" started-at="2019-04-16T08:29:53Z" finished-at="2019-04-16T08:29:53Z">
          <reporter-output>
          </reporter-output>
        </test-method> <!-- afterMethod -->
      </class> <!-- Store.ProductSelectTest -->
      <class name="Admin.AdminLoginTest">
        <test-method status="PASS" signature="setup(java.lang.String)[pri:0, instance:Admin.AdminLoginTest@6b419da]" name="setup" is-config="true" duration-ms="5213" started-at="2019-04-16T08:27:38Z" finished-at="2019-04-16T08:27:43Z">
          <params>
            <param index="0">
              <value>
                <![CDATA[chrome]]>
              </value>
            </param>
          </params>
          <reporter-output>
          </reporter-output>
        </test-method> <!-- setup -->
        <test-method status="PASS" signature="setup(java.lang.String)[pri:0, instance:Store.ProductSelectTest@7920ba90]" name="setup" is-config="true" duration-ms="8933" started-at="2019-04-16T08:27:43Z" finished-at="2019-04-16T08:27:52Z">
          <params>
            <param index="0">
              <value>
                <![CDATA[chrome]]>
              </value>
            </param>
          </params>
          <reporter-output>
          </reporter-output>
        </test-method> <!-- setup -->
        <test-method status="PASS" signature="setup(java.lang.String)[pri:0, instance:Store.RegisterToStoreTest@23282c25]" name="setup" is-config="true" duration-ms="12660" started-at="2019-04-16T08:27:52Z" finished-at="2019-04-16T08:28:05Z">
          <params>
            <param index="0">
              <value>
                <![CDATA[chrome]]>
              </value>
            </param>
          </params>
          <reporter-output>
          </reporter-output>
        </test-method> <!-- setup -->
        <test-method status="PASS" signature="beforeMethod()[pri:0, instance:Admin.AdminLoginTest@6b419da]" name="beforeMethod" is-config="true" duration-ms="4621" started-at="2019-04-16T08:29:53Z" finished-at="2019-04-16T08:29:58Z">
          <reporter-output>
          </reporter-output>
        </test-method> <!-- beforeMethod -->
        <test-method status="FAIL" signature="AvactisAdminLogin()[pri:0, instance:Admin.AdminLoginTest@6b419da]" name="AvactisAdminLogin" duration-ms="35038" started-at="2019-04-16T08:29:58Z" description="Invalid Login Scenario with wrong username and password." finished-at="2019-04-16T08:30:33Z">
          <exception class="org.openqa.selenium.NoSuchSessionException">
            <message>
              <![CDATA[Session ID is null. Using WebDriver after calling quit()?
Build info: version: '3.141.59', revision: 'e82be7d358', time: '2018-11-14T08:17:03'
System info: host: 'ADMIN-PC', ip: '192.168.43.65', os.name: 'Windows 7', os.arch: 'amd64', os.version: '6.1', java.version: '1.8.0_151'
Driver info: driver.version: RemoteWebDriver]]>
            </message>
            <full-stacktrace>
              <![CDATA[org.openqa.selenium.NoSuchSessionException: Session ID is null. Using WebDriver after calling quit()?
Build info: version: '3.141.59', revision: 'e82be7d358', time: '2018-11-14T08:17:03'
System info: host: 'ADMIN-PC', ip: '192.168.43.65', os.name: 'Windows 7', os.arch: 'amd64', os.version: '6.1', java.version: '1.8.0_151'
Driver info: driver.version: RemoteWebDriver
at org.openqa.selenium.remote.HttpCommandExecutor.execute(HttpCommandExecutor.java:125)
at org.openqa.selenium.remote.service.DriverCommandExecutor.execute(DriverCommandExecutor.java:83)
at org.openqa.selenium.remote.RemoteWebDriver.execute(RemoteWebDriver.java:552)
at org.openqa.selenium.remote.RemoteWebDriver.findElement(RemoteWebDriver.java:323)
at org.openqa.selenium.remote.RemoteWebDriver.findElementByXPath(RemoteWebDriver.java:428)
at org.openqa.selenium.By$ByXPath.findElement(By.java:353)
at org.openqa.selenium.remote.RemoteWebDriver.findElement(RemoteWebDriver.java:315)
at org.openqa.selenium.support.pagefactory.DefaultElementLocator.findElement(DefaultElementLocator.java:69)
at org.openqa.selenium.support.pagefactory.internal.LocatingElementHandler.invoke(LocatingElementHandler.java:38)
at com.sun.proxy.$Proxy12.getText(Unknown Source)
at StoreJava.productSelectPO.Senddata1(productSelectPO.java:285)
at Admin.Login.AdminLogin(Login.java:57)
at Admin.AdminLoginTest.AvactisAdminLogin(AdminLoginTest.java:26)
at sun.reflect.NativeMethodAccessorImpl.invoke0(Native Method)
at sun.reflect.NativeMethodAccessorImpl.invoke(Unknown Source)
at sun.reflect.DelegatingMethodAccessorImpl.invoke(Unknown Source)
at java.lang.reflect.Method.invoke(Unknown Source)
at org.testng.internal.MethodInvocationHelper.invokeMethod(MethodInvocationHelper.java:124)
at org.testng.internal.Invoker.invokeMethod(Invoker.java:583)
at org.testng.internal.Invoker.invokeTestMethod(Invoker.java:719)
at org.testng.internal.Invoker.invokeTestMethods(Invoker.java:989)
at org.testng.internal.TestMethodWorker.invokeTestMethods(TestMethodWorker.java:125)
at org.testng.internal.TestMethodWorker.run(TestMethodWorker.java:109)
at org.testng.TestRunner.privateRun(TestRunner.java:648)
at org.testng.TestRunner.run(TestRunner.java:505)
at org.testng.SuiteRunner.runTest(SuiteRunner.java:455)
at org.testng.SuiteRunner.runSequentially(SuiteRunner.java:450)
at org.testng.SuiteRunner.privateRun(SuiteRunner.java:415)
at org.testng.SuiteRunner.run(SuiteRunner.java:364)
at org.testng.SuiteRunnerWorker.runSuite(SuiteRunnerWorker.java:52)
at org.testng.SuiteRunnerWorker.run(SuiteRunnerWorker.java:84)
at org.testng.TestNG.runSuitesSequentially(TestNG.java:1208)
at org.testng.TestNG.runSuitesLocally(TestNG.java:1137)
at org.testng.TestNG.runSuites(TestNG.java:1049)
at org.testng.TestNG.run(TestNG.java:1017)
at org.testng.remote.AbstractRemoteTestNG.run(AbstractRemoteTestNG.java:114)
at org.testng.remote.RemoteTestNG.initAndRun(RemoteTestNG.java:251)
at org.testng.remote.RemoteTestNG.main(RemoteTestNG.java:77)
]]>
            </full-stacktrace>
          </exception> <!-- org.openqa.selenium.NoSuchSessionException -->
          <reporter-output>
          </reporter-output>
        </test-method> <!-- AvactisAdminLogin -->
        <test-method status="PASS" signature="afterMethod()[pri:0, instance:Admin.AdminLoginTest@6b419da]" name="afterMethod" is-config="true" duration-ms="0" started-at="2019-04-16T08:30:33Z" finished-at="2019-04-16T08:30:33Z">
          <reporter-output>
          </reporter-output>
        </test-method> <!-- afterMethod -->
      </class> <!-- Admin.AdminLoginTest -->
      <class name="Store.RegisterToStoreTest">
        <test-method status="PASS" signature="before()[pri:0, instance:Store.RegisterToStoreTest@23282c25]" name="before" is-config="true" duration-ms="20838" started-at="2019-04-16T08:28:05Z" finished-at="2019-04-16T08:28:26Z">
          <reporter-output>
          </reporter-output>
        </test-method> <!-- before -->
        <test-method status="PASS" signature="Register()[pri:0, instance:Store.RegisterToStoreTest@23282c25]" name="Register" duration-ms="13565" started-at="2019-04-16T08:28:26Z" finished-at="2019-04-16T08:28:39Z">
          <reporter-output>
          </reporter-output>
        </test-method> <!-- Register -->
        <test-method status="PASS" signature="afterMethod()[pri:0, instance:Store.RegisterToStoreTest@23282c25]" name="afterMethod" is-config="true" duration-ms="0" started-at="2019-04-16T08:28:41Z" finished-at="2019-04-16T08:28:41Z">
          <reporter-output>
          </reporter-output>
        </test-method> <!-- afterMethod -->
      </class> <!-- Store.RegisterToStoreTest -->
    </test> <!-- Test -->
  </suite> <!-- MyFirstSuite -->
</testng-results>
